<?xml version="1.0" encoding="UTF-8"?>
<!-- Generated by org.testng.reporters.JUnitReportReporter -->
<testsuite hostname="MS-LP-18" failures="0" tests="1" name="Tests.MedicineTest" time="14.060" errors="0" timestamp="2022-06-22T12:00:54 IST" skipped="0">
  <testcase classname="Tests.MedicineTest" name="clickOn_bynowTest" time="14.060"/>
  <system-out/>
</testsuite> <!-- Tests.MedicineTest -->
