<?xml version="1.0" encoding="UTF-8"?>
<!-- Generated by org.testng.reporters.JUnitReportReporter -->
<testsuite hostname="MS-LP-18" failures="0" tests="2" name="Tests.HomePageTest" time="15.812" errors="0" timestamp="2022-06-22T11:33:36 IST" skipped="0">
  <testcase classname="Tests.HomePageTest" name="validate_HomePageLOGOTest" time="5.795"/>
  <system-out/>
  <testcase classname="Tests.HomePageTest" name="clickonDoctorsTest" time="10.017"/>
  <system-out/>
</testsuite> <!-- Tests.HomePageTest -->
